============================================================================
                      CLASSICAL NEB RELAXATION DRIVER                       
============================================================================

+--------------------------------------------------------------------------+
|                               Run Settings                               |
+--------------------------------------------------------------------------+
  initial_poscar = Example_POSCARs/POSCAR_Si_channel-init.vasp
  final_poscar = Example_POSCARs/POSCAR_Si_channel-final.vasp
  debug = False
  pbc = False
  neb_file = NEB_Data/neb_channel.dat
  write_images = False
  images_dir = NEB_Images
  write_energies = False
  dr_max = 0.05000000 A
  force_tol = 0.05000000 eV/A
  alpha = 0.01000000 A^2/eV
  nimages = 31
  max_steps = 1000
  spring_k = 10.00000000

+--------------------------------------------------------------------------+
|                             Structure Input                              |
+--------------------------------------------------------------------------+
--> Reading initial POSCAR structure
  source_file = Example_POSCARs/POSCAR_Si_channel-init.vasp
  poscar_comment = Si asymmetric channel test - initial
  elements = ['Si']
  counts = [4]
  coord_type_input = Cartesian
  selective_dynamics = True

+--------------------------------------------------------------------------+
|                        Initial Structure (Fixed)                         |
+--------------------------------------------------------------------------+
  natoms = 4
  lattice:
    [[24.  0.  0.]
     [ 0. 24.  0.]
     [ 0.  0. 24.]]
  positions_cart:
    [[ 9.         12.05       12.        ]
     [10.2         7.95       12.        ]
     [11.5        11.9475     12.        ]
     [ 8.67623165 10.7304783  12.        ]]
  positions_frac:
    [[0.375      0.50208333 0.5       ]
     [0.425      0.33125    0.5       ]
     [0.47916667 0.4978125  0.5       ]
     [0.36150965 0.44710326 0.5       ]]

--> Reading final POSCAR structure
  source_file = Example_POSCARs/POSCAR_Si_channel-final.vasp
  poscar_comment = Si asymmetric channel test - final
  elements = ['Si']
  counts = [4]
  coord_type_input = Cartesian
  selective_dynamics = True

+--------------------------------------------------------------------------+
|                         Final Structure (Fixed)                          |
+--------------------------------------------------------------------------+
  natoms = 4
  lattice:
    [[24.  0.  0.]
     [ 0. 24.  0.]
     [ 0.  0. 24.]]
  positions_cart:
    [[ 9.         12.05       12.        ]
     [10.2         7.95       12.        ]
     [11.5        11.9475     12.        ]
     [11.91921424  9.60099218 12.        ]]
  positions_frac:
    [[0.375      0.50208333 0.5       ]
     [0.425      0.33125    0.5       ]
     [0.47916667 0.4978125  0.5       ]
     [0.49663393 0.40004134 0.5       ]]
--> Checking endpoint compatibility for NEB

+--------------------------------------------------------------------------+
|                             Potential Setup                              |
+--------------------------------------------------------------------------+
--> Building SW potential parameters
  pot_params = SWMultiParams(n_pair_types=1, n_triplet_types=1)
  init_state.type_ids = [14 14 14 14]
  pair keys = [[14 14]]
  triplet keys = [[14 14 14]]

+--------------------------------------------------------------------------+
|                        Initial POSCAR Evaluation                         |
+--------------------------------------------------------------------------+
--> Evaluating initial structure
  initial_energy = 13.01527189 eV
  initial_max_force = 71.83805172 eV/A

+--------------------------------------------------------------------------+
|                         Final POSCAR Evaluation                          |
+--------------------------------------------------------------------------+
--> Evaluating final structure
  final_energy = -6.31723192 eV
  final_max_force = 1.55284276 eV/A

+--------------------------------------------------------------------------+
|                            Band Construction                             |
+--------------------------------------------------------------------------+
--> Building interpolated images
Image |            x (%) |               dx | dx * max|dR| (Angstrom)
------+------------------+------------------+------------------------
    0 |     0.0000000000 |     0.0000000000 |            0.0000000000
    1 |     3.3333333333 |     0.0333333333 |            0.1144682148
    2 |     6.6666666667 |     0.0333333333 |            0.1144682148
    3 |    10.0000000000 |     0.0333333333 |            0.1144682148
    4 |    13.3333333333 |     0.0333333333 |            0.1144682148
    5 |    16.6666666667 |     0.0333333333 |            0.1144682148
    6 |    20.0000000000 |     0.0333333333 |            0.1144682148
    7 |    23.3333333333 |     0.0333333333 |            0.1144682148
    8 |    26.6666666667 |     0.0333333333 |            0.1144682148
    9 |    30.0000000000 |     0.0333333333 |            0.1144682148
   10 |    33.3333333333 |     0.0333333333 |            0.1144682148
   11 |    36.6666666667 |     0.0333333333 |            0.1144682148
   12 |    40.0000000000 |     0.0333333333 |            0.1144682148
   13 |    43.3333333333 |     0.0333333333 |            0.1144682148
   14 |    46.6666666667 |     0.0333333333 |            0.1144682148
   15 |    50.0000000000 |     0.0333333333 |            0.1144682148
   16 |    53.3333333333 |     0.0333333333 |            0.1144682148
   17 |    56.6666666667 |     0.0333333333 |            0.1144682148
   18 |    60.0000000000 |     0.0333333333 |            0.1144682148
   19 |    63.3333333333 |     0.0333333333 |            0.1144682148
   20 |    66.6666666667 |     0.0333333333 |            0.1144682148
   21 |    70.0000000000 |     0.0333333333 |            0.1144682148
   22 |    73.3333333333 |     0.0333333333 |            0.1144682148
   23 |    76.6666666667 |     0.0333333333 |            0.1144682148
   24 |    80.0000000000 |     0.0333333333 |            0.1144682148
   25 |    83.3333333333 |     0.0333333333 |            0.1144682148
   26 |    86.6666666667 |     0.0333333333 |            0.1144682148
   27 |    90.0000000000 |     0.0333333333 |            0.1144682148
   28 |    93.3333333333 |     0.0333333333 |            0.1144682148
   29 |    96.6666666667 |     0.0333333333 |            0.1144682148
   30 |   100.0000000000 |     0.0333333333 |            0.1144682148
--> Creating NEB band
  band_nimages = 31
  band_interior_indices:
    [ 1  2  3  4  5  6  7  8  9 10 11 12 13 14 15 16 17 18 19 20 21 22 23 24
     25 26 27 28 29]
  band_endpoint_indices = [ 0 30]

+--------------------------------------------------------------------------+
|                         Initial Band Evaluation                          |
+--------------------------------------------------------------------------+
--> Evaluating all images in the initial band
  initial_band_energies:
    [13.01527189 11.87158973 10.25769888  8.35057335  6.3264775   4.33398774
      2.48103865  0.83437133 -0.57348371 -1.73464654 -2.65712415 -3.35839187
     -3.86152456 -4.19333961 -4.38372634 -4.46532767 -4.47289277 -4.44187427
     -4.40616368 -4.39519633 -4.43094635 -4.52550536 -4.6799634  -4.88520668
     -5.12503487 -5.38145918 -5.64014436 -5.88909024 -6.10408801 -6.25163508
     -6.31723192]
  initial_raw_forces_shape = [31  4  3]
  initial_emax = 13.01527189 eV
  initial_imax = 0
  initial_fmax = 66.86837767 eV/A

+--------------------------------------------------------------------------+
|                              NEB Relaxation                              |
+--------------------------------------------------------------------------+
--> Running damped NEB
step |        fperp_max |             frms |         alpha |           dr_max
-----+------------------+------------------+---------------+-----------------
   0 |    66.8683776706 |     6.7854469361 |  0.0100000000 |     0.0500000000
   1 |    50.2272295720 |     5.4990634952 |  0.0100000000 |     0.0500000000
   2 |    41.8328796353 |     4.4087436211 |  0.0100000000 |     0.0500000000
   3 |    34.3947861727 |     3.5649789574 |  0.0100000000 |     0.0500000000
   4 |    27.9057068725 |     2.9549388474 |  0.0100000000 |     0.0500000000
   5 |    22.6358187862 |     2.4297290894 |  0.0100000000 |     0.0500000000
   6 |    19.0215017751 |     2.0079063282 |  0.0100000000 |     0.0500000000
   7 |    15.8993627509 |     1.6038267107 |  0.0100000000 |     0.0500000000
   8 |    13.1170538210 |     1.3096994335 |  0.0100000000 |     0.0500000000
   9 |    10.8455952561 |     1.0468495804 |  0.0100000000 |     0.0500000000
  10 |     8.3523762436 |     0.8291144526 |  0.0100000000 |     0.0500000000
  11 |     6.8117242383 |     0.6440374262 |  0.0100000000 |     0.0500000000
  12 |     5.5009757786 |     0.4769904990 |  0.0100000000 |     0.0500000000
  13 |     4.3762252780 |     0.3541970901 |  0.0100000000 |     0.0500000000
  14 |     3.6039112939 |     0.2630504336 |  0.0100000000 |     0.0500000000
  15 |     3.1038452674 |     0.2082184250 |  0.0100000000 |     0.0500000000
  16 |     2.7495883359 |     0.1700025644 |  0.0100000000 |     0.0500000000
  17 |     2.4726435209 |     0.1452455866 |  0.0100000000 |     0.0500000000
  18 |     2.2461305058 |     0.1271413914 |  0.0100000000 |     0.0500000000
  19 |     2.0507726771 |     0.1136536385 |  0.0100000000 |     0.0500000000
  20 |     1.8774220611 |     0.1026607538 |  0.0100000000 |     0.0500000000
  21 |     1.7197097882 |     0.0933252739 |  0.0100000000 |     0.0500000000
  22 |     1.5744687268 |     0.0850509180 |  0.0100000000 |     0.0500000000
  23 |     1.4398393861 |     0.0775709701 |  0.0100000000 |     0.0500000000
  24 |     1.3150164595 |     0.0707322108 |  0.0100000000 |     0.0500000000
  25 |     1.1995738070 |     0.0644612876 |  0.0100000000 |     0.0500000000
  26 |     1.0932287581 |     0.0587132311 |  0.0100000000 |     0.0500000000
  27 |     0.9956371487 |     0.0534544856 |  0.0100000000 |     0.0500000000
  28 |     0.9063498116 |     0.0486523206 |  0.0100000000 |     0.0500000000
  29 |     0.8248167431 |     0.0442725621 |  0.0100000000 |     0.0500000000
  30 |     0.7504287042 |     0.0402798345 |  0.0100000000 |     0.0500000000
  31 |     0.6825594283 |     0.0366390053 |  0.0100000000 |     0.0500000000
  32 |     0.6206000853 |     0.0333165006 |  0.0100000000 |     0.0500000000
  33 |     0.5639809548 |     0.0302812096 |  0.0100000000 |     0.0500000000
  34 |     0.5121823002 |     0.0275049126 |  0.0100000000 |     0.0500000000
  35 |     0.4647373452 |     0.0249623590 |  0.0100000000 |     0.0500000000
  36 |     0.4212304812 |     0.0226311218 |  0.0100000000 |     0.0500000000
  37 |     0.3812930160 |     0.0204913429 |  0.0100000000 |     0.0500000000
  38 |     0.3445979994 |     0.0185254381 |  0.0100000000 |     0.0500000000
  39 |     0.3108550022 |     0.0167178074 |  0.0100000000 |     0.0500000000
  40 |     0.2798052875 |     0.0150545695 |  0.0100000000 |     0.0500000000
  41 |     0.2512175463 |     0.0135233287 |  0.0100000000 |     0.0500000000
  42 |     0.2248842278 |     0.0121129759 |  0.0100000000 |     0.0500000000
  43 |     0.2006184226 |     0.0108135202 |  0.0100000000 |     0.0500000000
  44 |     0.1782512312 |     0.0096159480 |  0.0100000000 |     0.0500000000
  45 |     0.1576295470 |     0.0085121053 |  0.0100000000 |     0.0500000000
  46 |     0.1386141841 |     0.0074946009 |  0.0100000000 |     0.0500000000
  47 |     0.1210782905 |     0.0065567275 |  0.0100000000 |     0.0500000000
  48 |     0.1049059986 |     0.0056923993 |  0.0100000000 |     0.0500000000
  49 |     0.0899912685 |     0.0048961085 |  0.0100000000 |     0.0500000000
  50 |     0.0762368921 |     0.0041629030 |  0.0100000000 |     0.0500000000
  51 |     0.0635536304 |     0.0034883983 |  0.0100000000 |     0.0500000000
  52 |     0.0518594597 |     0.0028688509 |  0.0100000000 |     0.0500000000
  53 |     0.0410789111 |     0.0023013663 |  0.0100000000 |     0.0500000000

+--------------------------------------------------------------------------+
|                         NEB Optimization Summary                         |
+--------------------------------------------------------------------------+
  termination_reason = converged
  converged = True
  final_fmax = 0.04107891 eV/A
  final_fperp_max = 0.04107891 eV/A
  steps_taken = 54
written_files
  output_file = NEB_Data/neb_channel.dat
